android/app/build/intermediates/manifest_merge_blame_file/release/manifest-merger-blame-release-report.txt
1<?xml version="1.0" encoding="utf-8"?>
2<manifest xmlns:android="http://schemas.android.com/apk/res/android"
3    package="com.movieapp"
4    android:versionCode="1"
5    android:versionName="1.0" >
6
7    <uses-sdk
8        android:minSdkVersion="21"
8-->src/main/AndroidManifest.xml
9        android:targetSdkVersion="29" />
9-->src/main/AndroidManifest.xml
10
11    <uses-permission android:name="android.permission.INTERNET" />
11-->src/main/AndroidManifest.xml:4:5-67
11-->src/main/AndroidManifest.xml:4:22-64
12    <uses-permission android:name="android.permission.CAMERA" />
12-->src/main/AndroidManifest.xml:5:5-65
12-->src/main/AndroidManifest.xml:5:22-62
13    <uses-permission android:name="android.permission.WRITE_EXTERNAL_STORAGE" />
13-->src/main/AndroidManifest.xml:6:5-81
13-->src/main/AndroidManifest.xml:6:22-78
14    <!-- Required to access Google Play Licensing -->
15    <uses-permission android:name="com.android.vending.CHECK_LICENSE" />
15-->[:rn-fetch-blob] AndroidManifest.xml:12:5-73
15-->[:rn-fetch-blob] AndroidManifest.xml:12:22-70
16    <!--
17         Required to keep CPU alive while downloading files
18        (NOT to keep screen awake)
19    -->
20    <uses-permission android:name="android.permission.WAKE_LOCK" />
20-->[:rn-fetch-blob] AndroidManifest.xml:21:5-68
20-->[:rn-fetch-blob] AndroidManifest.xml:21:22-65
21    <!--
22         Required to poll the state of the network connection
23        and respond to changes
24    -->
25    <uses-permission android:name="android.permission.ACCESS_NETWORK_STATE" /> <!-- Required to check whether Wi-Fi is enabled -->
25-->[:rn-fetch-blob] AndroidManifest.xml:27:5-79
25-->[:rn-fetch-blob] AndroidManifest.xml:27:22-76
26    <uses-permission android:name="android.permission.ACCESS_WIFI_STATE" />
26-->[:rn-fetch-blob] AndroidManifest.xml:30:5-76
26-->[:rn-fetch-blob] AndroidManifest.xml:30:22-73
27
28    <application
28-->src/main/AndroidManifest.xml:10:5-28:19
29        android:name="com.movieapp.MainApplication"
29-->src/main/AndroidManifest.xml:11:7-38
30        android:allowBackup="false"
30-->src/main/AndroidManifest.xml:15:7-34
31        android:appComponentFactory="androidx.core.app.CoreComponentFactory"
31-->[androidx.core:core:1.3.1] AndroidManifest.xml:24:18-86
32        android:icon="@mipmap/ic_launcher"
32-->src/main/AndroidManifest.xml:13:7-41
33        android:label="@string/app_name"
33-->src/main/AndroidManifest.xml:12:7-39
34        android:roundIcon="@mipmap/ic_launcher_round"
34-->src/main/AndroidManifest.xml:14:7-52
35        android:theme="@style/AppTheme" >
35-->src/main/AndroidManifest.xml:16:7-38
36        <activity
36-->src/main/AndroidManifest.xml:17:7-27:18
37            android:name="com.movieapp.MainActivity"
37-->src/main/AndroidManifest.xml:18:9-37
38            android:configChanges="keyboard|keyboardHidden|orientation|screenSize|uiMode"
38-->src/main/AndroidManifest.xml:20:9-86
39            android:label="@string/app_name"
39-->src/main/AndroidManifest.xml:19:9-41
40            android:launchMode="singleTask"
40-->src/main/AndroidManifest.xml:21:9-40
41            android:windowSoftInputMode="adjustResize" >
41-->src/main/AndroidManifest.xml:22:9-51
42            <intent-filter>
42-->src/main/AndroidManifest.xml:23:9-26:25
43                <action android:name="android.intent.action.MAIN" />
43-->src/main/AndroidManifest.xml:24:13-65
43-->src/main/AndroidManifest.xml:24:21-62
44
45                <category android:name="android.intent.category.LAUNCHER" />
45-->src/main/AndroidManifest.xml:25:13-73
45-->src/main/AndroidManifest.xml:25:23-70
46            </intent-filter>
47        </activity>
48
49        <provider
49-->[:react-native-image-picker] AndroidManifest.xml:12:9-20:20
50            android:name="com.imagepicker.ImagePickerProvider"
50-->[:react-native-image-picker] AndroidManifest.xml:13:13-63
51            android:authorities="com.movieapp.imagepickerprovider"
51-->[:react-native-image-picker] AndroidManifest.xml:14:13-71
52            android:exported="false"
52-->[:react-native-image-picker] AndroidManifest.xml:15:13-37
53            android:grantUriPermissions="true" >
53-->[:react-native-image-picker] AndroidManifest.xml:16:13-47
54            <meta-data
54-->[:react-native-image-picker] AndroidManifest.xml:17:13-19:70
55                android:name="android.support.FILE_PROVIDER_PATHS"
55-->[:react-native-image-picker] AndroidManifest.xml:18:17-67
56                android:resource="@xml/imagepicker_provider_paths" />
56-->[:react-native-image-picker] AndroidManifest.xml:19:17-67
57        </provider>
58        <provider
58-->[:rn-fetch-blob] AndroidManifest.xml:36:9-44:20
59            android:name="com.RNFetchBlob.Utils.FileProvider"
59-->[:rn-fetch-blob] AndroidManifest.xml:37:13-62
60            android:authorities="com.movieapp.provider"
60-->[:rn-fetch-blob] AndroidManifest.xml:38:13-60
61            android:exported="false"
61-->[:rn-fetch-blob] AndroidManifest.xml:39:13-37
62            android:grantUriPermissions="true" >
62-->[:rn-fetch-blob] AndroidManifest.xml:40:13-47
63            <meta-data
63-->[:react-native-image-picker] AndroidManifest.xml:17:13-19:70
64                android:name="android.support.FILE_PROVIDER_PATHS"
64-->[:react-native-image-picker] AndroidManifest.xml:18:17-67
65                android:resource="@xml/provider_paths" />
65-->[:react-native-image-picker] AndroidManifest.xml:19:17-67
66        </provider>
67    </application>
68
69</manifest>